<?xml version="1.0" encoding="UTF-8" standalone="no"?>
<?xml-stylesheet type="text/xsl"  href="charmer_result.xsl"?>
<TestResult endtime="2017-02-23 18:02:52.908618" starttime="2017-02-23 18:02:39.502940" testPlan="Cases.DemoTest.S0100100" version="1.0.0">
<DeviceInfo>
<BuildInfo build_model="Charmer" deviceID="Windows-8-6.2.9200" buildVersion="1.0" locales="cp950;" network="Disconnect" partitions="Filesystem   Size(MB)      Used(MB)       Free(MB);C:          60987.0        13872.1        47114.9;"/>
<FeatureInfo>
<Feature available="True" name="BasicFunc" type="sdk"/>
</FeatureInfo>
</DeviceInfo>
<HostInfo name="DESKTOP-T08DTN2.localdomain">
<Charmer version="1.0.0">
<IntValue name="testStatusTimeoutMs" value="10000"/>
<IntValue name="testMonitorPerf" value="ProcessName	Boundary(MB);python	300;"/>
</Charmer>
</HostInfo>
<Summary failed="1" notExecuted="0" pass="1" timeout="0"/>
<TestPackage name="Cases.DemoTest">
<TestSuite>
<Test endtime="2017-02-23 18:02:45.628838" name="S01001001: Demo failed case" result="fail" starttime="2017-02-23 18:02:39.518565" logPath="Cases\DemoTest\S01001001\detailResult.xml" message="Traceback (most recent call last):
  File &quot;C:\tools\TestFramework_5.0\framework\Runner.py&quot;, line 264, in run
    self.mFuncObj(self.mErrorHandler)
  File &quot;.\Cases\DemoTest.py&quot;, line 49, in S01001001
    raise Exception(&apos;Exception in S01001001!&apos;)
Exception: Exception in S01001001!
"/>
<Test endtime="2017-02-23 18:02:52.894160" name="S01001002: Demo success case" result="pass" starttime="2017-02-23 18:02:45.643304" logPath="Cases\DemoTest\S01001002\detailResult.xml"/>
</TestSuite>
</TestPackage>
<Performance>
	<Proc name="python">		<Category maximum="25.062500 (Cases.DemoTest.S01001002)" average="25.047888"/>
		<Category maximum="278.000000 (Cases.DemoTest.S01001002)" average="278.000000"/>
		<Category maximum="1.925075 (Cases.DemoTest.S01001002)" average="1.925075"/>
	</Proc> <Category>
	<Descrip name="Memory Usage (MB)"/>
	<Descrip name="Read I/O Count (Persec)"/>
	<Descrip name="Read I/O (MB/Sec)"/>
 </Category>
</Performance>
</TestResult>
